{
  "RSpec": {
    "coverage": {
      "/Users/administrator/Dropbox/launchacademy/storyboardy/app/models/user.rb": [
        1,
        1,
        1,
        1,
        null,
        null,
        1,
        null,
        null,
        1,
        null,
        1,
        null,
        null,
        null,
        1,
        null,
        1,
        67,
        null,
        null,
        1,
        28,
        28,
        28,
        null,
        0,
        null,
        null,
        null,
        1,
        114,
        114,
        null,
        null,
        null
      ],
      "/Users/administrator/Dropbox/launchacademy/storyboardy/app/helpers/application_helper.rb": [
        1,
        1,
        83,
        1,
        null,
        82,
        null,
        83,
        null,
        83,
        null,
        null,
        1,
        64,
        64,
        64,
        null,
        null
      ],
      "/Users/administrator/Dropbox/launchacademy/storyboardy/app/controllers/admin/users_controller.rb": [
        1,
        1,
        1,
        2,
        2,
        2,
        2,
        null,
        null,
        1,
        1,
        null,
        1,
        1,
        1,
        null,
        null,
        null,
        1,
        null,
        1,
        1,
        null,
        null,
        null
      ],
      "/Users/administrator/Dropbox/launchacademy/storyboardy/app/controllers/admin/base_controller.rb": [
        1,
        1,
        null
      ],
      "/Users/administrator/Dropbox/launchacademy/storyboardy/app/controllers/application_controller.rb": [
        1,
        null,
        null,
        1,
        1,
        null,
        1,
        null,
        1,
        70,
        98,
        69,
        null,
        null,
        1,
        7,
        1,
        null,
        null,
        6,
        null,
        null,
        1,
        7,
        1,
        null,
        null,
        null,
        1,
        null,
        2,
        null,
        null,
        1,
        4,
        1,
        null,
        null,
        null
      ],
      "/Users/administrator/Dropbox/launchacademy/storyboardy/app/controllers/stories_controller.rb": [
        1,
        1,
        39,
        null,
        null,
        1,
        4,
        4,
        null,
        null,
        1,
        3,
        3,
        3,
        3,
        2,
        2,
        null,
        1,
        1,
        null,
        null,
        null,
        1,
        42,
        42,
        42,
        null,
        null,
        1,
        3,
        3,
        null,
        null,
        1,
        2,
        2,
        2,
        1,
        1,
        null,
        1,
        1,
        null,
        null,
        null,
        1,
        1,
        1,
        null,
        1,
        1,
        null,
        null,
        1,
        9,
        9,
        null,
        9,
        2,
        null,
        7,
        7,
        null,
        null,
        9,
        null,
        null,
        1,
        null,
        1,
        5,
        null,
        null
      ],
      "/Users/administrator/Dropbox/launchacademy/storyboardy/app/controllers/submissions_controller.rb": [
        1,
        1,
        null,
        1,
        1,
        1,
        1,
        1,
        null,
        1,
        1,
        null,
        1,
        null,
        null,
        1,
        1,
        1,
        1,
        1,
        1,
        null,
        null,
        1,
        8,
        8,
        null,
        8,
        2,
        null,
        6,
        6,
        null,
        8,
        null,
        null,
        1,
        null,
        1,
        1,
        null,
        null
      ],
      "/Users/administrator/Dropbox/launchacademy/storyboardy/app/controllers/users_controller.rb": [
        1,
        null,
        1,
        5,
        null,
        null,
        null
      ],
      "/Users/administrator/Dropbox/launchacademy/storyboardy/app/models/story.rb": [
        1,
        1,
        1,
        1,
        null,
        1,
        1,
        1,
        null,
        1,
        48,
        null,
        null,
        1,
        2,
        null,
        null,
        1,
        39,
        2,
        null,
        null,
        null,
        37,
        null,
        null,
        null,
        1,
        6,
        null,
        null
      ],
      "/Users/administrator/Dropbox/launchacademy/storyboardy/app/models/submission.rb": [
        1,
        1,
        1,
        1,
        null,
        null,
        1,
        1,
        1,
        null,
        null,
        1,
        16,
        null,
        null
      ],
      "/Users/administrator/Dropbox/launchacademy/storyboardy/app/models/vote.rb": [
        1,
        1,
        1,
        null,
        null,
        1,
        1,
        1,
        1,
        1,
        null,
        1,
        2,
        null,
        null,
        1,
        2,
        null,
        null
      ]
    },
    "timestamp": 1413306316
  }
}
