{
  "RSpec": {
    "coverage": {
      "/Users/administrator/Dropbox/launchacademy/storyboardy/app/models/user.rb": [
        1,
        1,
        1,
        1,
        null,
        null,
        1,
        null,
        null,
        1,
        null,
        1,
        null,
        null,
        null,
        1,
        null,
        1,
        57,
        null,
        null,
        1,
        28,
        28,
        28,
        null,
        0,
        null,
        null,
        null,
        1,
        112,
        112,
        null,
        null,
        null
      ],
      "/Users/administrator/Dropbox/launchacademy/storyboardy/app/helpers/application_helper.rb": [
        1,
        1,
        83,
        1,
        null,
        82,
        null,
        83,
        null,
        83,
        null,
        null,
        1,
        63,
        63,
        63,
        null,
        null
      ],
      "/Users/administrator/Dropbox/launchacademy/storyboardy/app/controllers/admin/users_controller.rb": [
        1,
        1,
        1,
        2,
        2,
        2,
        2,
        null,
        null,
        1,
        1,
        null,
        1,
        1,
        1,
        null,
        null,
        null,
        1,
        null,
        1,
        1,
        null,
        null,
        null
      ],
      "/Users/administrator/Dropbox/launchacademy/storyboardy/app/controllers/admin/base_controller.rb": [
        1,
        1,
        null
      ],
      "/Users/administrator/Dropbox/launchacademy/storyboardy/app/controllers/application_controller.rb": [
        1,
        null,
        null,
        1,
        1,
        null,
        1,
        null,
        1,
        70,
        98,
        69,
        null,
        null,
        1,
        7,
        1,
        null,
        null,
        6,
        null,
        null,
        1,
        7,
        1,
        null,
        null,
        null,
        1,
        null,
        2,
        null,
        null,
        1,
        4,
        1,
        null,
        null,
        null
      ],
      "/Users/administrator/Dropbox/launchacademy/storyboardy/app/controllers/stories_controller.rb": [
        1,
        1,
        48,
        null,
        null,
        1,
        4,
        4,
        null,
        null,
        1,
        3,
        3,
        3,
        3,
        2,
        2,
        null,
        1,
        1,
        null,
        null,
        null,
        1,
        33,
        33,
        33,
        null,
        null,
        1,
        3,
        3,
        null,
        null,
        1,
        2,
        2,
        2,
        1,
        1,
        null,
        1,
        1,
        null,
        null,
        null,
        1,
        1,
        1,
        null,
        1,
        1,
        null,
        null,
        1,
        9,
        9,
        9,
        null,
        9,
        null,
        null,
        1,
        null,
        1,
        5,
        null,
        null
      ],
      "/Users/administrator/Dropbox/launchacademy/storyboardy/app/controllers/submissions_controller.rb": [
        1,
        1,
        null,
        1,
        1,
        1,
        1,
        1,
        null,
        1,
        1,
        null,
        1,
        null,
        null,
        1,
        1,
        1,
        1,
        1,
        1,
        null,
        null,
        1,
        8,
        8,
        null,
        8,
        2,
        null,
        6,
        6,
        null,
        8,
        null,
        null,
        1,
        null,
        1,
        1,
        null,
        null
      ],
      "/Users/administrator/Dropbox/launchacademy/storyboardy/app/controllers/users_controller.rb": [
        1,
        null,
        1,
        5,
        null,
        null,
        null
      ],
      "/Users/administrator/Dropbox/launchacademy/storyboardy/app/models/story.rb": [
        1,
        1,
        1,
        1,
        null,
        1,
        1,
        1,
        null,
        1,
        2,
        null,
        null,
        1,
        46,
        null,
        null,
        1,
        1,
        null,
        null,
        1,
        1,
        null,
        null,
        1,
        51,
        2,
        49,
        1,
        48,
        1,
        47,
        1,
        null,
        46,
        null,
        null,
        null,
        1,
        15,
        null,
        null
      ],
      "/Users/administrator/Dropbox/launchacademy/storyboardy/app/models/submission.rb": [
        1,
        1,
        1,
        1,
        null,
        null,
        1,
        1,
        1,
        null,
        null,
        1,
        15,
        null,
        null
      ],
      "/Users/administrator/Dropbox/launchacademy/storyboardy/app/models/vote.rb": [
        1,
        1,
        1,
        null,
        null,
        1,
        1,
        1,
        1,
        1,
        null,
        1,
        2,
        null,
        null,
        1,
        2,
        null,
        null,
        1,
        15,
        2,
        2,
        null,
        13,
        12,
        null,
        1,
        null,
        13,
        13,
        null,
        null,
        null
      ]
    },
    "timestamp": 1413409665
  }
}
